<?xml version="1.0" encoding="utf-8"?><testsuites name="pytest tests"><testsuite name="pytest" errors="0" failures="0" skipped="0" tests="12" time="1.262" timestamp="2026-06-25T12:12:56.563178+00:00" hostname="agent-env-5998f2c7-997e-434a-ae25-39a7521233ae"><testcase classname="tests.backend_test.TestContactInquiries" name="test_create_valid_inquiry" time="0.263" /><testcase classname="tests.backend_test.TestProducts" name="test_get_all_products" time="0.208" /><testcase classname="tests.backend_test.TestProducts" name="test_filter_by_category[T-shirts]" time="0.069" /><testcase classname="tests.backend_test.TestContactInquiries" name="test_invalid_email" time="0.056" /><testcase classname="tests.backend_test.TestProducts" name="test_filter_by_category[Sportswear]" time="0.047" /><testcase classname="tests.backend_test.TestContactInquiries" name="test_missing_required_fields" time="0.051" /><testcase classname="tests.backend_test.TestProducts" name="test_filter_by_category[Gym Wear]" time="0.044" /><testcase classname="tests.backend_test.TestProducts" name="test_filter_by_category[Gloves]" time="0.045" /><testcase classname="tests.backend_test.TestContactInquiries" name="test_inquiries_sorted_desc" time="0.150" /><testcase classname="tests.backend_test.TestProducts" name="test_category_counts" time="0.044" /><testcase classname="tests.backend_test.TestTestimonials" name="test_get_all_testimonials" time="0.044" /><testcase classname="tests.backend_test" name="test_health" time="0.056" /></testsuite></testsuites>